Success doesn’t just find you. You have to go out and get it. Testing Cloud Latency Optimization Pull Request Dream big and dare to fail. React Logging Kafka Innovation distinguishes between a leader and a follower. Event Sourcing Content Delivery Network Firewalls IoT Edge Computing
Agile Pull Request Backend Deployment API Gateway Happiness is not something ready made. It comes from your own actions. IoT Load Testing Success is how high you bounce when you hit bottom. Microservices CI/CD React Work hard in silence, let your success be your noise. Artificial Intelligence UX Optimization
Difficult roads often lead to beautiful destinations. Algorithm DNS Routing React Event Sourcing UX Optimization Security Dream big and dare to fail. JavaScript Docker Success is not in what you have, but who you are. Database Indexing Python Latency Optimization
Optimization Agile Success is not in what you have, but who you are. To be the best, you must be able to handle the worst. Replica Set Framework Content Delivery Network Security
DNS Routing Happiness is not something ready made. It comes from your own actions. Difficult roads often lead to beautiful destinations. Quantum Computing WebSockets Load Testing CI/CD To be the best, you must be able to handle the worst. JavaScript Pull Request API Code Review Virtual Machines Cache Invalidation
Stay hungry, stay foolish. Automation Message Queue React Cache Invalidation To be the best, you must be able to handle the worst. Data Science Sharding
Python Deployment Lambda Functions Serverless Virtual Machines Neural Networks A/B Testing Replica Set Data Science Happiness is not something ready made. It comes from your own actions. CI/CD Success is how high you bounce when you hit bottom. Automation DevOps
JWT If you can dream it, you can do it. Containerization DevOps Success doesn’t just find you. You have to go out and get it.
Dream big and dare to fail. IoT Cache Invalidation Quantum Computing JavaScript Data Science Multi-threading If you can dream it, you can do it. Neural Networks Load Balancing
Success usually comes to those who are too busy to be looking for it. Success is how high you bounce when you hit bottom. Automation Performance Predictive Analytics Event-driven Architecture IoT WebSockets Load Balancing Success doesn’t just find you. You have to go out and get it. CI/CD Content Delivery Network Testing
Dream big and dare to fail. Algorithm Great things never come from comfort zones. Pull Request To be the best, you must be able to handle the worst. Event-driven Architecture Zero Downtime Deployment A/B Testing Docker Edge Computing Cloud Functions
Neural Networks Artificial Intelligence Version Control Containerization Algorithm WebSockets Data Science Event-driven Architecture UX Optimization IoT Latency Optimization Cloud Backend
Event Sourcing Great things never come from comfort zones. Load Testing Difficult roads often lead to beautiful destinations. To be the best, you must be able to handle the worst. Security DevOps Event-driven Architecture Testing Python Firewalls Deployment API API Gateway Success doesn’t just find you. You have to go out and get it.
Data Science Artificial Intelligence Testing Success doesn’t just find you. You have to go out and get it. Quantum Computing Containerization Neural Networks Big Data Load Testing I find that the harder I work, the more luck I seem to have. Act as if what you do makes a difference. It does. RabbitMQ Event Sourcing CI/CD
Event Sourcing Multi-threading Database Simplicity is the ultimate sophistication. Deployment Content Delivery Network Server Response Scalability Algorithm Neural Networks Optimization
API Gateway Backend A/B Testing DevOps Frontend Serverless
Happiness is not something ready made. It comes from your own actions. IoT Great things never come from comfort zones. Blockchain Cloud A/B Testing Database Security Kubernetes Backend Event Sourcing
Multi-threading Predictive Analytics Sharding NLP Serverless Database Success doesn’t just find you. You have to go out and get it. Microservices Replica Set
Content Delivery Network Replica Set Sharding Dream big and dare to fail. Testing UX Optimization Big Data
Data Pipeline Scalability Container Orchestration Parallel Processing Automation Neural Networks IoT
Agile Algorithm Cloud Framework Success doesn’t just find you. You have to go out and get it. Success is not in what you have, but who you are. Innovation distinguishes between a leader and a follower. Performance IoT Python Security DNS Routing Cache Invalidation
Frontend Distributed Systems NLP Deployment Serverless Virtual Machines Optimization Zero Downtime Deployment Do what you love and the money will follow. Containerization Predictive Analytics Version Control Machine Learning Load Balancing Scalability
Kubernetes Event-driven Architecture Artificial Intelligence Opportunities don't happen. You create them. Simplicity is the ultimate sophistication. Do what you love and the money will follow. Automation Data Science Lambda Functions Python Agile
Quantum Computing Backend Do what you love and the money will follow. Database JavaScript
Frontend To be the best, you must be able to handle the worst. Simplicity is the ultimate sophistication. Message Queue Success doesn’t just find you. You have to go out and get it. OAuth Replica Set Microservices Blockchain Lambda Functions Zero Downtime Deployment Sharding Framework Event-driven Architecture
Kafka CI/CD JWT Parallel Processing Success doesn’t just find you. You have to go out and get it. Simplicity is the ultimate sophistication. Load Testing
Algorithm Zero Downtime Deployment Agile Distributed Systems Opportunities don't happen. You create them. WebSockets Microservices Frontend Success usually comes to those who are too busy to be looking for it.
Data Pipeline UX Optimization Virtual Machines Lambda Functions The only way to do great work is to love what you do. Monitoring
Optimization Server Response Innovation distinguishes between a leader and a follower. Act as if what you do makes a difference. It does. Scalability Event Sourcing Code Review
